<?xml version="1.0" encoding="UTF-8"?>
<!-- Generated by org.testng.reporters.JUnitReportReporter -->
<testsuite hostname="DESKTOP-CMOP74H" failures="0" tests="1" name="com.urban.us.testcases.SignUpPgTest" time="11.198" errors="0" timestamp="27 Apr 2021 09:26:28 GMT" skipped="0">
  <testcase classname="com.urban.us.testcases.SignUpPgTest" name="submitAllDetailsTest" time="11.198"/>
</testsuite> <!-- com.urban.us.testcases.SignUpPgTest -->
