<?xml version="1.0" encoding="UTF-8"?>
<!-- Generated by org.testng.reporters.JUnitReportReporter -->
<testsuite hostname="DESKTOP-CMOP74H" failures="0" tests="1" name="com.urban.us.testcases.LoginPgTest" time="5.109" errors="0" timestamp="27 Apr 2021 17:00:47 GMT" skipped="0">
  <testcase classname="com.urban.us.testcases.LoginPgTest" name="loginPageTitleTest" time="5.109"/>
</testsuite> <!-- com.urban.us.testcases.LoginPgTest -->
