<?xml version="1.0" encoding="UTF-8"?>
<!-- Generated by org.testng.reporters.JUnitReportReporter -->
<testsuite hostname="DESKTOP-CMOP74H" failures="0" tests="1" name="com.urban.us.testcases.HomePgTest" time="9.828" errors="0" timestamp="26 Apr 2021 04:30:43 GMT" skipped="0">
  <testcase classname="com.urban.us.testcases.HomePgTest" name="sendInviteTest" time="9.828"/>
</testsuite> <!-- com.urban.us.testcases.HomePgTest -->
