<?xml version="1.0" encoding="UTF-8"?>
<!-- Generated by org.testng.reporters.JUnitReportReporter -->
<testsuite hostname="DESKTOP-CMOP74H" failures="0" tests="2" name="com.urban.us.testcases.LoginPgTest" time="17.635" errors="0" timestamp="27 Apr 2021 03:51:46 GMT" skipped="0">
  <testcase classname="com.urban.us.testcases.LoginPgTest" name="loginPageTitleTest" time="11.682"/>
  <testcase classname="com.urban.us.testcases.LoginPgTest" name="loginTest" time="5.953"/>
</testsuite> <!-- com.urban.us.testcases.LoginPgTest -->
